<?xml version="1.0" encoding="utf-8"?><testsuites name="pytest tests"><testsuite name="pytest" errors="0" failures="0" skipped="0" tests="8" time="0.643" timestamp="2025-09-15T04:17:17.205636+00:00" hostname="runnervmf4ws1"><testcase classname="tests.test_aurora_symbolic" name="test_t1_anchor" time="0.003" /><testcase classname="tests.test_aurora_symbolic" name="test_srb_anchor" time="0.001" /><testcase classname="tests.test_aurora_symbolic" name="test_symbolic_engine" time="0.001" /><testcase classname="tests.test_aurora_symbolic" name="test_chain_notation" time="0.001" /><testcase classname="tests.test_module_integrator" name="test_anchor_seed_constant" time="0.001" /><testcase classname="tests.test_sonnet4_enhancements.TestSonnet4Enhancements" name="test_ethics_security" time="0.001" /><testcase classname="tests.test_sonnet4_enhancements.TestSonnet4Enhancements" name="test_integration_hub" time="0.001" /><testcase classname="tests.test_sonnet4_enhancements.TestSonnet4Enhancements" name="test_quantum_bridge" time="0.001" /></testsuite></testsuites>